f:\source codes\aspect internal\release\aspect.ipdb
f:\source codes\aspect internal\release\aspect.iobj
f:\source codes\aspect internal\imgui\release\vc142.pdb
f:\source codes\aspect internal\imgui\release\memory.obj
f:\source codes\aspect internal\imgui\release\main.obj
f:\source codes\aspect internal\imgui\release\imgui_widgets.obj
f:\source codes\aspect internal\imgui\release\imgui_impl_win32.obj
f:\source codes\aspect internal\imgui\release\imgui_impl_dx11.obj
f:\source codes\aspect internal\imgui\release\imgui_draw.obj
f:\source codes\aspect internal\imgui\release\imgui_demo.obj
f:\source codes\aspect internal\imgui\release\imgui.obj
f:\source codes\aspect internal\release\aspect.dll
f:\source codes\aspect internal\release\aspect.pdb
f:\source codes\aspect internal\imgui\release\aspect internal.tlog\aspect internal.write.1u.tlog
f:\source codes\aspect internal\imgui\release\aspect internal.tlog\cl.command.1.tlog
f:\source codes\aspect internal\imgui\release\aspect internal.tlog\cl.read.1.tlog
f:\source codes\aspect internal\imgui\release\aspect internal.tlog\cl.write.1.tlog
f:\source codes\aspect internal\imgui\release\aspect internal.tlog\link.command.1.tlog
f:\source codes\aspect internal\imgui\release\aspect internal.tlog\link.delete.1.tlog
f:\source codes\aspect internal\imgui\release\aspect internal.tlog\link.read.1.tlog
f:\source codes\aspect internal\imgui\release\aspect internal.tlog\link.write.1.tlog
