c:\users\mathias\source\repos\imgui\imgui\release\vc142.pdb
c:\users\mathias\source\repos\imgui\imgui\release\main.obj
c:\users\mathias\source\repos\imgui\imgui\release\imgui_widgets.obj
c:\users\mathias\source\repos\imgui\imgui\release\imgui_impl_win32.obj
c:\users\mathias\source\repos\imgui\imgui\release\imgui_impl_dx11.obj
c:\users\mathias\source\repos\imgui\imgui\release\imgui_draw.obj
c:\users\mathias\source\repos\imgui\imgui\release\imgui_demo.obj
c:\users\mathias\source\repos\imgui\imgui\release\imgui.obj
c:\users\mathias\source\repos\imgui\release\imgui.ipdb
c:\users\mathias\source\repos\imgui\release\imgui.iobj
c:\users\mathias\source\repos\imgui\release\imgui.dll
c:\users\mathias\source\repos\imgui\release\imgui.pdb
c:\users\mathias\source\repos\imgui\imgui\release\imgui.tlog\cl.command.1.tlog
c:\users\mathias\source\repos\imgui\imgui\release\imgui.tlog\cl.read.1.tlog
c:\users\mathias\source\repos\imgui\imgui\release\imgui.tlog\cl.write.1.tlog
c:\users\mathias\source\repos\imgui\imgui\release\imgui.tlog\imgui.write.1u.tlog
c:\users\mathias\source\repos\imgui\imgui\release\imgui.tlog\link.command.1.tlog
c:\users\mathias\source\repos\imgui\imgui\release\imgui.tlog\link.delete.1.tlog
c:\users\mathias\source\repos\imgui\imgui\release\imgui.tlog\link.read.1.tlog
c:\users\mathias\source\repos\imgui\imgui\release\imgui.tlog\link.write.1.tlog
