F:\Program Files (x86)\Microsoft Visual Studio\2019\Community\MSBuild\Microsoft\VC\v160\Microsoft.CppBuild.targets(452,5): warning MSB8028: The intermediate directory (Release\) contains files shared from another project (ImGui.vcxproj).  This can lead to incorrect clean and rebuild behavior.
  main.cpp
C:\Program Files (x86)\Microsoft DirectX SDK (June 2010)\Include\dwrite.h(4962,1): warning C4005:  'DWRITE_E_FILEFORMAT': macro redefinition
F:\Windows Kits\10\Include\10.0.17763.0\shared\winerror.h(56407): message :  see previous definition of 'DWRITE_E_FILEFORMAT'
C:\Program Files (x86)\Microsoft DirectX SDK (June 2010)\Include\dwrite.h(4967,1): warning C4005:  'DWRITE_E_UNEXPECTED': macro redefinition
F:\Windows Kits\10\Include\10.0.17763.0\shared\winerror.h(56416): message :  see previous definition of 'DWRITE_E_UNEXPECTED'
C:\Program Files (x86)\Microsoft DirectX SDK (June 2010)\Include\dwrite.h(4972,1): warning C4005:  'DWRITE_E_NOFONT': macro redefinition
F:\Windows Kits\10\Include\10.0.17763.0\shared\winerror.h(56425): message :  see previous definition of 'DWRITE_E_NOFONT'
C:\Program Files (x86)\Microsoft DirectX SDK (June 2010)\Include\dwrite.h(4978,1): warning C4005:  'DWRITE_E_FILENOTFOUND': macro redefinition
F:\Windows Kits\10\Include\10.0.17763.0\shared\winerror.h(56434): message :  see previous definition of 'DWRITE_E_FILENOTFOUND'
C:\Program Files (x86)\Microsoft DirectX SDK (June 2010)\Include\dwrite.h(4983,1): warning C4005:  'DWRITE_E_FILEACCESS': macro redefinition
F:\Windows Kits\10\Include\10.0.17763.0\shared\winerror.h(56443): message :  see previous definition of 'DWRITE_E_FILEACCESS'
C:\Program Files (x86)\Microsoft DirectX SDK (June 2010)\Include\dwrite.h(4988,1): warning C4005:  'DWRITE_E_FONTCOLLECTIONOBSOLETE': macro redefinition
F:\Windows Kits\10\Include\10.0.17763.0\shared\winerror.h(56452): message :  see previous definition of 'DWRITE_E_FONTCOLLECTIONOBSOLETE'
C:\Program Files (x86)\Microsoft DirectX SDK (June 2010)\Include\dwrite.h(4993,1): warning C4005:  'DWRITE_E_ALREADYREGISTERED': macro redefinition
F:\Windows Kits\10\Include\10.0.17763.0\shared\winerror.h(56461): message :  see previous definition of 'DWRITE_E_ALREADYREGISTERED'
F:\Source Codes\Aspect Internal\ImGui\src\Security.hpp(146,22): warning C4018:  '<': signed/unsigned mismatch
F:\Source Codes\Aspect Internal\ImGui\src\Security.hpp(158,22): warning C4018:  '<': signed/unsigned mismatch
F:\Source Codes\Aspect Internal\ImGui\src\main.cpp(132,25): warning C4307:  '*': integral constant overflow
F:\Source Codes\Aspect Internal\ImGui\src\main.cpp(134,25): warning C4307:  '*': integral constant overflow
F:\Source Codes\Aspect Internal\ImGui\src\main.cpp(136,27): warning C4307:  '*': integral constant overflow
F:\Source Codes\Aspect Internal\ImGui\src\main.cpp(138,26): warning C4307:  '*': integral constant overflow
F:\Source Codes\Aspect Internal\ImGui\src\main.cpp(140,28): warning C4307:  '*': integral constant overflow
F:\Source Codes\Aspect Internal\ImGui\src\main.cpp(142,29): warning C4307:  '*': integral constant overflow
F:\Source Codes\Aspect Internal\ImGui\src\main.cpp(144,28): warning C4307:  '*': integral constant overflow
F:\Source Codes\Aspect Internal\ImGui\src\main.cpp(146,27): warning C4307:  '*': integral constant overflow
F:\Source Codes\Aspect Internal\ImGui\src\main.cpp(221,7): warning C4101:  'buffer': unreferenced local variable
F:\Source Codes\Aspect Internal\ImGui\src\main.cpp(257,131): warning C4191:  'reinterpret_cast': unsafe conversion from 'FARPROC' to 'RtlSetUnhandledExceptionFilterFn'
F:\Source Codes\Aspect Internal\ImGui\src\main.cpp(257,131): warning C4191:         Calling this function through the result pointer may cause your program to fail
F:\Source Codes\Aspect Internal\ImGui\src\main.cpp(636,28): warning C4305:  'initializing': truncation from 'double' to 'float'
F:\Source Codes\Aspect Internal\ImGui\src\main.cpp(751,26): warning C4244:  '=': conversion from 'uint32_t' to 'float', possible loss of data
F:\Source Codes\Aspect Internal\ImGui\src\main.cpp(752,26): warning C4244:  '=': conversion from 'uint32_t' to 'float', possible loss of data
F:\Source Codes\Aspect Internal\ImGui\src\main.cpp(1400,33): warning C4244:  '=': conversion from 'double' to 'float', possible loss of data
F:\Source Codes\Aspect Internal\ImGui\src\main.cpp(1404,33): warning C4244:  '=': conversion from 'double' to 'float', possible loss of data
F:\Source Codes\Aspect Internal\ImGui\src\main.cpp(1408,33): warning C4244:  '=': conversion from 'double' to 'float', possible loss of data
F:\Source Codes\Aspect Internal\ImGui\src\main.cpp(1412,33): warning C4244:  '=': conversion from 'double' to 'float', possible loss of data
F:\Source Codes\Aspect Internal\ImGui\src\main.cpp(1416,37): warning C4244:  '=': conversion from 'double' to 'float', possible loss of data
F:\Source Codes\Aspect Internal\ImGui\src\main.cpp(1420,37): warning C4244:  '=': conversion from 'double' to 'float', possible loss of data
F:\Source Codes\Aspect Internal\ImGui\src\main.cpp(1424,37): warning C4244:  '=': conversion from 'double' to 'float', possible loss of data
F:\Source Codes\Aspect Internal\ImGui\src\main.cpp(1428,37): warning C4244:  '=': conversion from 'double' to 'float', possible loss of data
F:\Source Codes\Aspect Internal\ImGui\src\main.cpp(1432,32): warning C4244:  '=': conversion from 'double' to 'float', possible loss of data
F:\Source Codes\Aspect Internal\ImGui\src\main.cpp(1436,32): warning C4244:  '=': conversion from 'double' to 'float', possible loss of data
F:\Source Codes\Aspect Internal\ImGui\src\main.cpp(1440,32): warning C4244:  '=': conversion from 'double' to 'float', possible loss of data
F:\Source Codes\Aspect Internal\ImGui\src\main.cpp(1444,32): warning C4244:  '=': conversion from 'double' to 'float', possible loss of data
F:\Source Codes\Aspect Internal\ImGui\src\main.cpp(1448,33): warning C4244:  '=': conversion from 'double' to 'float', possible loss of data
F:\Source Codes\Aspect Internal\ImGui\src\main.cpp(1452,33): warning C4244:  '=': conversion from 'double' to 'float', possible loss of data
F:\Source Codes\Aspect Internal\ImGui\src\main.cpp(1456,33): warning C4244:  '=': conversion from 'double' to 'float', possible loss of data
F:\Source Codes\Aspect Internal\ImGui\src\main.cpp(1460,33): warning C4244:  '=': conversion from 'double' to 'float', possible loss of data
F:\Source Codes\Aspect Internal\ImGui\src\main.cpp(1512,34): warning C4244:  '=': conversion from 'double' to 'int', possible loss of data
F:\Source Codes\Aspect Internal\ImGui\src\main.cpp(1516,25): warning C4244:  '=': conversion from 'double' to 'int', possible loss of data
F:\Source Codes\Aspect Internal\ImGui\src\main.cpp(1520,29): warning C4244:  '=': conversion from 'double' to 'float', possible loss of data
F:\Source Codes\Aspect Internal\ImGui\src\main.cpp(1609,19): warning C4244:  'initializing': conversion from 'float' to 'int', possible loss of data
F:\Source Codes\Aspect Internal\ImGui\src\main.cpp(1648,38): warning C4244:  '=': conversion from 'float' to 'LONG', possible loss of data
F:\Source Codes\Aspect Internal\ImGui\src\main.cpp(1649,34): warning C4244:  '=': conversion from 'float' to 'LONG', possible loss of data
F:\Source Codes\Aspect Internal\ImGui\src\main.cpp(1650,37): warning C4244:  '=': conversion from 'float' to 'LONG', possible loss of data
F:\Source Codes\Aspect Internal\ImGui\src\main.cpp(1651,39): warning C4244:  '=': conversion from 'float' to 'LONG', possible loss of data
F:\Source Codes\Aspect Internal\ImGui\src\main.cpp(1653,94): warning C4244:  'argument': conversion from 'LONG' to 'float', possible loss of data
F:\Source Codes\Aspect Internal\ImGui\src\main.cpp(1653,77): warning C4244:  'argument': conversion from 'LONG' to 'float', possible loss of data
F:\Source Codes\Aspect Internal\ImGui\src\main.cpp(1653,54): warning C4244:  'argument': conversion from 'LONG' to 'float', possible loss of data
F:\Source Codes\Aspect Internal\ImGui\src\main.cpp(1653,38): warning C4244:  'argument': conversion from 'LONG' to 'float', possible loss of data
F:\Source Codes\Aspect Internal\ImGui\src\main.cpp(1661,57): warning C4244:  'argument': conversion from 'int' to 'float', possible loss of data
F:\Source Codes\Aspect Internal\ImGui\src\main.cpp(1661,34): warning C4244:  'argument': conversion from 'int' to 'float', possible loss of data
F:\Source Codes\Aspect Internal\ImGui\src\main.cpp(1730,23): warning C4244:  'initializing': conversion from 'int' to 'float', possible loss of data
F:\Source Codes\Aspect Internal\ImGui\src\main.cpp(1731,23): warning C4244:  'initializing': conversion from 'int' to 'float', possible loss of data
F:\Source Codes\Aspect Internal\ImGui\src\main.cpp(1823,21): warning C4244:  'initializing': conversion from 'double' to 'float', possible loss of data
F:\Source Codes\Aspect Internal\ImGui\src\main.cpp(1852,23): warning C4244:  'initializing': conversion from 'int' to 'float', possible loss of data
F:\Source Codes\Aspect Internal\ImGui\src\main.cpp(1853,23): warning C4244:  'initializing': conversion from 'int' to 'float', possible loss of data
F:\Source Codes\Aspect Internal\ImGui\src\main.cpp(1919,23): warning C4244:  'argument': conversion from 'float' to 'int', possible loss of data
F:\Source Codes\Aspect Internal\ImGui\src\main.cpp(1919,14): warning C4244:  'argument': conversion from 'float' to 'int', possible loss of data
F:\Source Codes\Aspect Internal\ImGui\src\main.cpp(1926,22): warning C4244:  'initializing': conversion from 'int' to 'float', possible loss of data
F:\Source Codes\Aspect Internal\ImGui\src\main.cpp(1927,22): warning C4244:  'initializing': conversion from 'int' to 'float', possible loss of data
F:\Source Codes\Aspect Internal\ImGui\src\main.cpp(1942,36): warning C4244:  'argument': conversion from 'float' to 'DWORD', possible loss of data
F:\Source Codes\Aspect Internal\ImGui\src\main.cpp(1942,32): warning C4244:  'argument': conversion from 'float' to 'DWORD', possible loss of data
F:\Source Codes\Aspect Internal\ImGui\src\main.cpp(2084,29): warning C4244:  'argument': conversion from 'float' to 'int', possible loss of data
F:\Source Codes\Aspect Internal\ImGui\src\main.cpp(2084,19): warning C4244:  'argument': conversion from 'float' to 'int', possible loss of data
F:\Source Codes\Aspect Internal\ImGui\src\main.cpp(1952,10): warning C4101:  'ClosestPlayer': unreferenced local variable
F:\Source Codes\Aspect Internal\ImGui\src\main.cpp(1953,10): warning C4101:  'ClosestPlayerHead': unreferenced local variable
F:\Source Codes\Aspect Internal\ImGui\src\main.cpp(2183,32): warning C4244:  'argument': conversion from 'int' to 'float', possible loss of data
F:\Source Codes\Aspect Internal\ImGui\src\main.cpp(2558,34): warning C4244:  'argument': conversion from 'int' to 'float', possible loss of data
F:\Source Codes\Aspect Internal\ImGui\src\main.cpp(2569,34): warning C4244:  'argument': conversion from 'int' to 'float', possible loss of data
F:\Source Codes\Aspect Internal\ImGui\src\main.cpp(2580,34): warning C4244:  'argument': conversion from 'int' to 'float', possible loss of data
F:\Source Codes\Aspect Internal\ImGui\src\main.cpp(2650,70): warning C4244:  'argument': conversion from 'int' to 'float', possible loss of data
F:\Source Codes\Aspect Internal\ImGui\src\main.cpp(2650,59): warning C4244:  'argument': conversion from 'int' to 'float', possible loss of data
F:\Source Codes\Aspect Internal\ImGui\src\main.cpp(2650,40): warning C4244:  'argument': conversion from 'int' to 'float', possible loss of data
F:\Source Codes\Aspect Internal\ImGui\src\main.cpp(2755,11): warning C4101:  'handle': unreferenced local variable
F:\Source Codes\Aspect Internal\ImGui\src\main.cpp(201): warning C4715:  'GetAimKey': not all control paths return a value
F:\Source Codes\Aspect Internal\ImGui\src\main.cpp(496): warning C4715:  'RBXMemory::FastScan': not all control paths return a value
F:\Source Codes\Aspect Internal\ImGui\src\main.cpp(834): warning C4715:  'RBX::FindFirstChildOfClass': not all control paths return a value
F:\Source Codes\Aspect Internal\ImGui\src\main.cpp(815): warning C4715:  'RBX::FindFirstChild': not all control paths return a value
LINK : warning LNK4098: defaultlib 'LIBCMT' conflicts with use of other libs; use /NODEFAULTLIB:library
  ImGui.vcxproj -> F:\Source Codes\Aspect Internal\Release\Aspect.dll
